<?xml version="1.0" encoding="UTF-8"?>
<!-- Generated by org.testng.reporters.JUnitReportReporter -->
<testsuite hostname="DESKTOP-6ALPVBA" failures="0" tests="1" name="TestCase" time="0.026" errors="0" timestamp="2020-12-04T09:34:59 ALMT" skipped="0">
  <testcase classname="TestCase" name="test" time="0.026"/>
  <system-out/>
</testsuite> <!-- TestCase -->
